<?xml version="1.0" encoding="UTF-8"?>
<testsuite name="eci.cosw.climapp.appclimapp.AppClimappApplicationTests" tests="1" skipped="0" failures="0" errors="0" timestamp="2018-03-26T22:22:11" hostname="JuanArevaloM" time="0.217">
  <properties/>
  <testcase name="contextLoads" classname="eci.cosw.climapp.appclimapp.AppClimappApplicationTests" time="0.217"/>
  <system-out><![CDATA[17:21:55.665 [Test worker] DEBUG org.springframework.test.context.junit4.SpringJUnit4ClassRunner - SpringJUnit4ClassRunner constructor called with [class eci.cosw.climapp.appclimapp.AppClimappApplicationTests]
17:21:55.682 [Test worker] DEBUG org.springframework.test.context.BootstrapUtils - Instantiating CacheAwareContextLoaderDelegate from class [org.springframework.test.context.cache.DefaultCacheAwareContextLoaderDelegate]
17:21:55.713 [Test worker] DEBUG org.springframework.test.context.BootstrapUtils - Instantiating BootstrapContext using constructor [public org.springframework.test.context.support.DefaultBootstrapContext(java.lang.Class,org.springframework.test.context.CacheAwareContextLoaderDelegate)]
17:21:55.756 [Test worker] DEBUG org.springframework.test.context.BootstrapUtils - Instantiating TestContextBootstrapper for test class [eci.cosw.climapp.appclimapp.AppClimappApplicationTests] from class [org.springframework.boot.test.context.SpringBootTestContextBootstrapper]
17:21:55.780 [Test worker] INFO org.springframework.boot.test.context.SpringBootTestContextBootstrapper - Neither @ContextConfiguration nor @ContextHierarchy found for test class [eci.cosw.climapp.appclimapp.AppClimappApplicationTests], using SpringBootContextLoader
17:21:55.791 [Test worker] DEBUG org.springframework.test.context.support.AbstractContextLoader - Did not detect default resource location for test class [eci.cosw.climapp.appclimapp.AppClimappApplicationTests]: class path resource [eci/cosw/climapp/appclimapp/AppClimappApplicationTests-context.xml] does not exist
17:21:55.792 [Test worker] DEBUG org.springframework.test.context.support.AbstractContextLoader - Did not detect default resource location for test class [eci.cosw.climapp.appclimapp.AppClimappApplicationTests]: class path resource [eci/cosw/climapp/appclimapp/AppClimappApplicationTestsContext.groovy] does not exist
17:21:55.793 [Test worker] INFO org.springframework.test.context.support.AbstractContextLoader - Could not detect default resource locations for test class [eci.cosw.climapp.appclimapp.AppClimappApplicationTests]: no resource found for suffixes {-context.xml, Context.groovy}.
17:21:55.795 [Test worker] INFO org.springframework.test.context.support.AnnotationConfigContextLoaderUtils - Could not detect default configuration classes for test class [eci.cosw.climapp.appclimapp.AppClimappApplicationTests]: AppClimappApplicationTests does not declare any static, non-private, non-final, nested classes annotated with @Configuration.
17:21:55.925 [Test worker] DEBUG org.springframework.test.context.support.ActiveProfilesUtils - Could not find an 'annotation declaring class' for annotation type [org.springframework.test.context.ActiveProfiles] and class [eci.cosw.climapp.appclimapp.AppClimappApplicationTests]
17:21:55.944 [Test worker] DEBUG org.springframework.core.env.StandardEnvironment - Adding PropertySource 'systemProperties' with lowest search precedence
17:21:55.944 [Test worker] DEBUG org.springframework.core.env.StandardEnvironment - Adding PropertySource 'systemEnvironment' with lowest search precedence
17:21:55.946 [Test worker] DEBUG org.springframework.core.env.StandardEnvironment - Initialized StandardEnvironment with PropertySources [MapPropertySource@1836490282 {name='systemProperties', properties={java.runtime.name=Java(TM) SE Runtime Environment, sun.boot.library.path=C:\Program Files\Java\jdk1.8.0_144\jre\bin, java.vm.version=25.144-b01, java.vm.vendor=Oracle Corporation, java.vendor.url=http://java.oracle.com/, path.separator=;, java.vm.name=Java HotSpot(TM) 64-Bit Server VM, file.encoding.pkg=sun.io, user.script=, sun.java.launcher=SUN_STANDARD, user.country=CO, sun.os.patch.level=, java.vm.specification.name=Java Virtual Machine Specification, user.dir=C:\Users\JuanArevaloMerchan\Documents\NetBeansProjects\COSWProyecto\ClimappSpring-Boot, java.runtime.version=1.8.0_144-b01, java.awt.graphicsenv=sun.awt.Win32GraphicsEnvironment, java.endorsed.dirs=C:\Program Files\Java\jdk1.8.0_144\jre\lib\endorsed, os.arch=amd64, java.io.tmpdir=C:\Users\JUANAR~1\AppData\Local\Temp\, line.separator=
, java.vm.specification.vendor=Oracle Corporation, user.variant=, os.name=Windows 10, sun.jnu.encoding=Cp1252, java.library.path=C:\Program Files\Java\jdk1.8.0_144\bin;C:\WINDOWS\Sun\Java\bin;C:\WINDOWS\system32;C:\WINDOWS;C:\ProgramData\Oracle\Java\javapath;C:\Windows\system32;C:\Windows;C:\Windows\System32\Wbem;C:\Windows\System32\WindowsPowerShell\v1.0\;C:\Program Files (x86)\NVIDIA Corporation\PhysX\Common;C:\WINDOWS\system32;C:\WINDOWS;C:\WINDOWS\System32\Wbem;C:\WINDOWS\System32\WindowsPowerShell\v1.0\;C:\program files\apache-maven-3.5.0\bin;C:\Program Files\Java\jre1.8.0_144\bin;C:\Program Files\Java\jre1.8.0_144\bin\rmiregistry.exe;C:\Program Files (x86)\Git\cmd;C:\Program Files\nodejs\;C:\Gradle\bin;C:\Users\JuanArevaloMerchan\AppData\Local\Microsoft\WindowsApps;C:\Program Files\Heroku\bin;C:\Users\JuanArevaloMerchan\AppData\Roaming\npm;., java.specification.name=Java Platform API Specification, java.class.version=52.0, org.gradle.native=false, sun.management.compiler=HotSpot 64-Bit Tiered Compilers, os.version=10.0, user.home=C:\Users\JuanArevaloMerchan, user.timezone=America/Bogota, java.awt.printerjob=sun.awt.windows.WPrinterJob, file.encoding=windows-1252, java.specification.version=1.8, java.class.path=C:\Users\JuanArevaloMerchan\Documents\NetBeansProjects\COSWProyecto\ClimappSpring-Boot\build\classes\java\test;C:\Users\JuanArevaloMerchan\Documents\NetBeansProjects\COSWProyecto\ClimappSpring-Boot\build\resources\test;C:\Users\JuanArevaloMerchan\Documents\NetBeansProjects\COSWProyecto\ClimappSpring-Boot\build\classes\java\main;C:\Users\JuanArevaloMerchan\Documents\NetBeansProjects\COSWProyecto\ClimappSpring-Boot\build\resources\main;C:\Users\JuanArevaloMerchan\.gradle\caches\modules-2\files-2.1\io.jsonwebtoken\jjwt\0.6.0\3c8a7897b9ca31c83d3dd364be7f75ce5cd417d7\jjwt-0.6.0.jar;C:\Users\JuanArevaloMerchan\.gradle\caches\modules-2\files-2.1\org.springframework.boot\spring-boot-starter-websocket\2.0.0.BUILD-SNAPSHOT\ca49b8bd5744ae1d01a6da2b3a8a31c37ca7033f\spring-boot-starter-websocket-2.0.0.BUILD-SNAPSHOT.jar;C:\Users\JuanArevaloMerchan\.gradle\caches\modules-2\files-2.1\org.springframework.boot\spring-boot-starter-web\2.0.0.BUILD-SNAPSHOT\336fc9b2d5e1e1ff91fda31f6ae9783ff7e993c2\spring-boot-starter-web-2.0.0.BUILD-SNAPSHOT.jar;C:\Users\JuanArevaloMerchan\.gradle\caches\modules-2\files-2.1\org.springframework\spring-messaging\5.0.4.RELEASE\21c0ee684684c50a6b13eaa894b2ceb3860dff12\spring-messaging-5.0.4.RELEASE.jar;C:\Users\JuanArevaloMerchan\.gradle\caches\modules-2\files-2.1\org.springframework.boot\spring-boot-starter-data-jpa\1.5.7.RELEASE\ccdf14487724b7c1343e5d2605f7170c026e405\spring-boot-starter-data-jpa-1.5.7.RELEASE.jar;C:\Users\JuanArevaloMerchan\.gradle\caches\modules-2\files-2.1\mysql\mysql-connector-java\5.1.6\380ef5226de2c85ff3b38cbfefeea881c5fce09d\mysql-connector-java-5.1.6.jar;C:\Users\JuanArevaloMerchan\.gradle\caches\modules-2\files-2.1\org.springframework.boot\spring-boot-starter-test\2.0.0.BUILD-SNAPSHOT\bb98b62bbe6306a59f57ad2fd6ab29219ff60803\spring-boot-starter-test-2.0.0.BUILD-SNAPSHOT.jar;C:\Users\JuanArevaloMerchan\.gradle\caches\modules-2\files-2.1\com.h2database\h2\1.4.196\dd0034398d593aa3588c6773faac429bbd9aea0e\h2-1.4.196.jar;C:\Users\JuanArevaloMerchan\.gradle\caches\modules-2\files-2.1\org.springframework.boot\spring-boot-starter-json\2.0.0.BUILD-SNAPSHOT\5d6e4b1c929bed27c30e2583dcc4b4c75f80e285\spring-boot-starter-json-2.0.0.BUILD-SNAPSHOT.jar;C:\Users\JuanArevaloMerchan\.gradle\caches\modules-2\files-2.1\com.fasterxml.jackson.datatype\jackson-datatype-jdk8\2.9.4\63ac052d52a70a15820d3dc07ea757826fd51d40\jackson-datatype-jdk8-2.9.4.jar;C:\Users\JuanArevaloMerchan\.gradle\caches\modules-2\files-2.1\com.fasterxml.jackson.datatype\jackson-datatype-jsr310\2.9.4\12d52679a6615c7972ea25bd8ebb60b191fe79b7\jackson-datatype-jsr310-2.9.4.jar;C:\Users\JuanArevaloMerchan\.gradle\caches\modules-2\files-2.1\com.fasterxml.jackson.module\jackson-module-parameter-names\2.9.4\5833c819877c3e85bad847f4d2fa4e70379217c6\jackson-module-parameter-names-2.9.4.jar;C:\Users\JuanArevaloMerchan\.gradle\caches\modules-2\files-2.1\com.fasterxml.jackson.core\jackson-databind\2.9.4\498bbc3b94f566982c7f7c6d4d303fce365529be\jackson-databind-2.9.4.jar;C:\Users\JuanArevaloMerchan\.gradle\caches\modules-2\files-2.1\org.springframework.boot\spring-boot-starter-aop\2.0.0.BUILD-SNAPSHOT\9199522e49f80689cbd0089d12889146de7db8b8\spring-boot-starter-aop-2.0.0.BUILD-SNAPSHOT.jar;C:\Users\JuanArevaloMerchan\.gradle\caches\modules-2\files-2.1\org.springframework.boot\spring-boot-starter-jdbc\2.0.0.BUILD-SNAPSHOT\b1e52a71931a9f1c02cae2b45fe4ac9ff52c833\spring-boot-starter-jdbc-2.0.0.BUILD-SNAPSHOT.jar;C:\Users\JuanArevaloMerchan\.gradle\caches\modules-2\files-2.1\org.springframework.boot\spring-boot-starter\2.0.0.BUILD-SNAPSHOT\6ebe785dfd37c7213bf23d8223d50258e75051e2\spring-boot-starter-2.0.0.BUILD-SNAPSHOT.jar;C:\Users\JuanArevaloMerchan\.gradle\caches\modules-2\files-2.1\org.springframework\spring-websocket\5.0.4.RELEASE\8895d10b40aa6204a8b4afd3bdb6fe558fcf5c66\spring-websocket-5.0.4.RELEASE.jar;C:\Users\JuanArevaloMerchan\.gradle\caches\modules-2\files-2.1\org.springframework.boot\spring-boot-starter-tomcat\2.0.0.BUILD-SNAPSHOT\72902c5544e3332ea31de2b9a430a0b48694e758\spring-boot-starter-tomcat-2.0.0.BUILD-SNAPSHOT.jar;C:\Users\JuanArevaloMerchan\.gradle\caches\modules-2\files-2.1\org.hibernate.validator\hibernate-validator\6.0.7.Final\8b9d9c7ec8c73963ea0fe81912fc67711a4ef76\hibernate-validator-6.0.7.Final.jar;C:\Users\JuanArevaloMerchan\.gradle\caches\modules-2\files-2.1\org.springframework\spring-webmvc\5.0.4.RELEASE\addcf1caa22613c474bd6dde8c7134fef940b1f0\spring-webmvc-5.0.4.RELEASE.jar;C:\Users\JuanArevaloMerchan\.gradle\caches\modules-2\files-2.1\org.springframework\spring-web\5.0.4.RELEASE\9565bbc67bf1a850a6505deaa5103931712a7b80\spring-web-5.0.4.RELEASE.jar;C:\Users\JuanArevaloMerchan\.gradle\caches\modules-2\files-2.1\org.springframework.data\spring-data-jpa\2.0.5.RELEASE\51b2e315174e32b4c8a4841a147002555add076c\spring-data-jpa-2.0.5.RELEASE.jar;C:\Users\JuanArevaloMerchan\.gradle\caches\modules-2\files-2.1\org.springframework.boot\spring-boot-test-autoconfigure\2.0.0.BUILD-SNAPSHOT\41860d7b5ed1358fe3f3efd4aa5ab4bd490816b9\spring-boot-test-autoconfigure-2.0.0.BUILD-SNAPSHOT.jar;C:\Users\JuanArevaloMerchan\.gradle\caches\modules-2\files-2.1\org.springframework.boot\spring-boot-test\2.0.0.BUILD-SNAPSHOT\e7c89158f1f5c6e5bbc7e8bb70b766902d6e2261\spring-boot-test-2.0.0.BUILD-SNAPSHOT.jar;C:\Users\JuanArevaloMerchan\.gradle\caches\modules-2\files-2.1\org.springframework.boot\spring-boot-autoconfigure\2.0.0.BUILD-SNAPSHOT\245af3dd2605e7e8045aceb95d06fde1697d4392\spring-boot-autoconfigure-2.0.0.BUILD-SNAPSHOT.jar;C:\Users\JuanArevaloMerchan\.gradle\caches\modules-2\files-2.1\org.springframework.boot\spring-boot\2.0.0.BUILD-SNAPSHOT\6616fb013b61b1643559e939946db2d72ebdf749\spring-boot-2.0.0.BUILD-SNAPSHOT.jar;C:\Users\JuanArevaloMerchan\.gradle\caches\modules-2\files-2.1\org.springframework\spring-context\5.0.4.RELEASE\3e76d08c851113077642c5704f0f94d5ce58e905\spring-context-5.0.4.RELEASE.jar;C:\Users\JuanArevaloMerchan\.gradle\caches\modules-2\files-2.1\org.springframework\spring-aop\5.0.4.RELEASE\f8e029e54c0267dadb6b9f713f3feb54ec4f3a0e\spring-aop-5.0.4.RELEASE.jar;C:\Users\JuanArevaloMerchan\.gradle\caches\modules-2\files-2.1\org.springframework\spring-orm\5.0.4.RELEASE\dc83e08ecdb4ab28339f87358b53d75b4a8d1b9\spring-orm-5.0.4.RELEASE.jar;C:\Users\JuanArevaloMerchan\.gradle\caches\modules-2\files-2.1\org.springframework\spring-jdbc\5.0.4.RELEASE\6b5ac0db11d81d6319ebd0bb253b2f01713df3ab\spring-jdbc-5.0.4.RELEASE.jar;C:\Users\JuanArevaloMerchan\.gradle\caches\modules-2\files-2.1\org.springframework.data\spring-data-commons\2.0.5.RELEASE\f5357c650f63f3a187d3d4086a9e9132f33851a6\spring-data-commons-2.0.5.RELEASE.jar;C:\Users\JuanArevaloMerchan\.gradle\caches\modules-2\files-2.1\org.springframework\spring-tx\5.0.4.RELEASE\7afc193c5d2b812ee6d2ccaf6fcc81fb83bfb4a7\spring-tx-5.0.4.RELEASE.jar;C:\Users\JuanArevaloMerchan\.gradle\caches\modules-2\files-2.1\org.springframework\spring-beans\5.0.4.RELEASE\7a8c3d48d4c33621e64d1399721d8e067450fcbd\spring-beans-5.0.4.RELEASE.jar;C:\Users\JuanArevaloMerchan\.gradle\caches\modules-2\files-2.1\org.springframework\spring-test\5.0.4.RELEASE\3fc10b6535a113593fa8780951465012a7677e21\spring-test-5.0.4.RELEASE.jar;C:\Users\JuanArevaloMerchan\.gradle\caches\modules-2\files-2.1\org.springframework\spring-expression\5.0.4.RELEASE\4bda161f2e34c1486f2527a23eb47293567f473c\spring-expression-5.0.4.RELEASE.jar;C:\Users\JuanArevaloMerchan\.gradle\caches\modules-2\files-2.1\org.springframework\spring-core\5.0.4.RELEASE\2221a957b5561a34f044350ba4e30ef5870254a3\spring-core-5.0.4.RELEASE.jar;C:\Users\JuanArevaloMerchan\.gradle\caches\modules-2\files-2.1\org.hibernate\hibernate-entitymanager\5.2.14.Final\8030dd84931df3f9ba89a82d4eb702ca5a0e7dba\hibernate-entitymanager-5.2.14.Final.jar;C:\Users\JuanArevaloMerchan\.gradle\caches\modules-2\files-2.1\org.hibernate\hibernate-core\5.2.14.Final\2132ad4a9fa5088156469ec85306afe574bb8c24\hibernate-core-5.2.14.Final.jar;C:\Users\JuanArevaloMerchan\.gradle\caches\modules-2\files-2.1\javax.transaction\javax.transaction-api\1.2\d81aff979d603edd90dcd8db2abc1f4ce6479e3e\javax.transaction-api-1.2.jar;C:\Users\JuanArevaloMerchan\.gradle\caches\modules-2\files-2.1\org.springframework\spring-aspects\5.0.4.RELEASE\454ee13fc4f439065572dd526e81c699d1d61e3e\spring-aspects-5.0.4.RELEASE.jar;C:\Users\JuanArevaloMerchan\.gradle\caches\modules-2\files-2.1\com.jayway.jsonpath\json-path\2.4.0\765a4401ceb2dc8d40553c2075eb80a8fa35c2ae\json-path-2.4.0.jar;C:\Users\JuanArevaloMerchan\.gradle\caches\modules-2\files-2.1\junit\junit\4.12\2973d150c0dc1fefe998f834810d68f278ea58ec\junit-4.12.jar;C:\Users\JuanArevaloMerchan\.gradle\caches\modules-2\files-2.1\org.assertj\assertj-core\3.9.1\c5ce126b15f28d56cd8f960c1a6a058b9c9aea87\assertj-core-3.9.1.jar;C:\Users\JuanArevaloMerchan\.gradle\caches\modules-2\files-2.1\org.mockito\mockito-core\2.15.0\b84bfbbc29cd22c9529409627af6ea2897f4fa85\mockito-core-2.15.0.jar;C:\Users\JuanArevaloMerchan\.gradle\caches\modules-2\files-2.1\org.hamcrest\hamcrest-library\1.3\4785a3c21320980282f9f33d0d1264a69040538f\hamcrest-library-1.3.jar;C:\Users\JuanArevaloMerchan\.gradle\caches\modules-2\files-2.1\org.hamcrest\hamcrest-core\1.3\42a25dc3219429f0e5d060061f71acb49bf010a0\hamcrest-core-1.3.jar;C:\Users\JuanArevaloMerchan\.gradle\caches\modules-2\files-2.1\org.skyscreamer\jsonassert\1.5.0\6c9d5fe2f59da598d9aefc1cfc6528ff3cf32df3\jsonassert-1.5.0.jar;C:\Users\JuanArevaloMerchan\.gradle\caches\modules-2\files-2.1\org.xmlunit\xmlunit-core\2.5.1\4ffdb346572a7356f7521cd3119ce5287d2e339d\xmlunit-core-2.5.1.jar;C:\Users\JuanArevaloMerchan\.gradle\caches\modules-2\files-2.1\com.fasterxml.jackson.core\jackson-annotations\2.9.0\7c10d545325e3a6e72e06381afe469fd40eb701\jackson-annotations-2.9.0.jar;C:\Users\JuanArevaloMerchan\.gradle\caches\modules-2\files-2.1\com.fasterxml.jackson.core\jackson-core\2.9.4\a9a71ec1aa37da47db168fede9a4a5fb5e374320\jackson-core-2.9.4.jar;C:\Users\JuanArevaloMerchan\.gradle\caches\modules-2\files-2.1\org.springframework.boot\spring-boot-starter-logging\2.0.0.BUILD-SNAPSHOT\d82d723e090cba4ea2e847b8dccd09c27d37eb69\spring-boot-starter-logging-2.0.0.BUILD-SNAPSHOT.jar;C:\Users\JuanArevaloMerchan\.gradle\caches\modules-2\files-2.1\javax.annotation\javax.annotation-api\1.3.2\934c04d3cfef185a8008e7bf34331b79730a9d43\javax.annotation-api-1.3.2.jar;C:\Users\JuanArevaloMerchan\.gradle\caches\modules-2\files-2.1\org.yaml\snakeyaml\1.19\2d998d3d674b172a588e54ab619854d073f555b5\snakeyaml-1.19.jar;C:\Users\JuanArevaloMerchan\.gradle\caches\modules-2\files-2.1\org.apache.tomcat.embed\tomcat-embed-websocket\8.5.28\8a5a48740dd80cad644ceb541e77fd8e0809e3b7\tomcat-embed-websocket-8.5.28.jar;C:\Users\JuanArevaloMerchan\.gradle\caches\modules-2\files-2.1\org.apache.tomcat.embed\tomcat-embed-core\8.5.28\b684c98cf77c6528079c4e59fc1feeb218bf82f1\tomcat-embed-core-8.5.28.jar;C:\Users\JuanArevaloMerchan\.gradle\caches\modules-2\files-2.1\org.apache.tomcat.embed\tomcat-embed-el\8.5.28\75745598f60646ccf0c4b105468a9c8be9b8432e\tomcat-embed-el-8.5.28.jar;C:\Users\JuanArevaloMerchan\.gradle\caches\modules-2\files-2.1\javax.validation\validation-api\2.0.1.Final\cb855558e6271b1b32e716d24cb85c7f583ce09e\validation-api-2.0.1.Final.jar;C:\Users\JuanArevaloMerchan\.gradle\caches\modules-2\files-2.1\org.hibernate.common\hibernate-commons-annotations\5.0.1.Final\71e1cff3fcb20d3b3af4f3363c3ddb24d33c6879\hibernate-commons-annotations-5.0.1.Final.jar;C:\Users\JuanArevaloMerchan\.gradle\caches\modules-2\files-2.1\org.jboss.logging\jboss-logging\3.3.2.Final\3789d00e859632e6c6206adc0c71625559e6e3b0\jboss-logging-3.3.2.Final.jar;C:\Users\JuanArevaloMerchan\.gradle\caches\modules-2\files-2.1\com.fasterxml\classmate\1.3.4\3d5f48f10bbe4eb7bd862f10c0583be2e0053c6\classmate-1.3.4.jar;C:\Users\JuanArevaloMerchan\.gradle\caches\modules-2\files-2.1\org.springframework\spring-jcl\5.0.4.RELEASE\3053e2bad0a18571bdbb9596ce51f9d458f5934f\spring-jcl-5.0.4.RELEASE.jar;C:\Users\JuanArevaloMerchan\.gradle\caches\modules-2\files-2.1\org.aspectj\aspectjweaver\1.8.13\ad94df2a28d658a40dc27bbaff6a1ce5fbf04e9b\aspectjweaver-1.8.13.jar;C:\Users\JuanArevaloMerchan\.gradle\caches\modules-2\files-2.1\com.zaxxer\HikariCP\2.7.8\4a3a604fa2efa89621aa498d04e000b2bed90c39\HikariCP-2.7.8.jar;C:\Users\JuanArevaloMerchan\.gradle\caches\modules-2\files-2.1\org.hibernate.javax.persistence\hibernate-jpa-2.1-api\1.0.0.Final\5e731d961297e5a07290bfaf3db1fbc8bbbf405a\hibernate-jpa-2.1-api-1.0.0.Final.jar;C:\Users\JuanArevaloMerchan\.gradle\caches\modules-2\files-2.1\org.javassist\javassist\3.22.0-GA\3e83394258ae2089be7219b971ec21a8288528ad\javassist-3.22.0-GA.jar;C:\Users\JuanArevaloMerchan\.gradle\caches\modules-2\files-2.1\antlr\antlr\2.7.7\83cd2cd674a217ade95a4bb83a8a14f351f48bd0\antlr-2.7.7.jar;C:\Users\JuanArevaloMerchan\.gradle\caches\modules-2\files-2.1\org.jboss.spec.javax.transaction\jboss-transaction-api_1.2_spec\1.0.1.Final\4441f144a2a1f46ed48fcc6b476a4b6295e6d524\jboss-transaction-api_1.2_spec-1.0.1.Final.jar;C:\Users\JuanArevaloMerchan\.gradle\caches\modules-2\files-2.1\org.jboss\jandex\2.0.3.Final\bfc4d6257dbff7a33a357f0de116be6ff951d849\jandex-2.0.3.Final.jar;C:\Users\JuanArevaloMerchan\.gradle\caches\modules-2\files-2.1\dom4j\dom4j\1.6.1\5d3ccc056b6f056dbf0dddfdf43894b9065a8f94\dom4j-1.6.1.jar;C:\Users\JuanArevaloMerchan\.gradle\caches\modules-2\files-2.1\net.bytebuddy\byte-buddy\1.7.10\3c8ec287c0a5bd04b1e3f11723bc46a50346602b\byte-buddy-1.7.10.jar;C:\Users\JuanArevaloMerchan\.gradle\caches\modules-2\files-2.1\ch.qos.logback\logback-classic\1.2.3\7c4f3c474fb2c041d8028740440937705ebb473a\logback-classic-1.2.3.jar;C:\Users\JuanArevaloMerchan\.gradle\caches\modules-2\files-2.1\org.apache.logging.log4j\log4j-to-slf4j\2.10.0\f7e631ccf49cfc0aefa4a2a728da7d374c05bd3c\log4j-to-slf4j-2.10.0.jar;C:\Users\JuanArevaloMerchan\.gradle\caches\modules-2\files-2.1\org.slf4j\jul-to-slf4j\1.7.25\af5364cd6679bfffb114f0dec8a157aaa283b76\jul-to-slf4j-1.7.25.jar;C:\Users\JuanArevaloMerchan\.gradle\caches\modules-2\files-2.1\org.slf4j\slf4j-api\1.7.25\da76ca59f6a57ee3102f8f9bd9cee742973efa8a\slf4j-api-1.7.25.jar;C:\Users\JuanArevaloMerchan\.gradle\caches\modules-2\files-2.1\net.minidev\json-smart\2.3\7396407491352ce4fa30de92efb158adb76b5b\json-smart-2.3.jar;C:\Users\JuanArevaloMerchan\.gradle\caches\modules-2\files-2.1\net.bytebuddy\byte-buddy-agent\1.7.10\9b092a8fb9112b89f6cb23fc929cfb931b14007b\byte-buddy-agent-1.7.10.jar;C:\Users\JuanArevaloMerchan\.gradle\caches\modules-2\files-2.1\org.objenesis\objenesis\2.6\639033469776fd37c08358c6b92a4761feb2af4b\objenesis-2.6.jar;C:\Users\JuanArevaloMerchan\.gradle\caches\modules-2\files-2.1\com.vaadin.external.google\android-json\0.0.20131108.vaadin1\fa26d351fe62a6a17f5cda1287c1c6110dec413f\android-json-0.0.20131108.vaadin1.jar;C:\Users\JuanArevaloMerchan\.gradle\caches\modules-2\files-2.1\net.minidev\accessors-smart\1.2\c592b500269bfde36096641b01238a8350f8aa31\accessors-smart-1.2.jar;C:\Users\JuanArevaloMerchan\.gradle\caches\modules-2\files-2.1\ch.qos.logback\logback-core\1.2.3\864344400c3d4d92dfeb0a305dc87d953677c03c\logback-core-1.2.3.jar;C:\Users\JuanArevaloMerchan\.gradle\caches\modules-2\files-2.1\org.apache.logging.log4j\log4j-api\2.10.0\fec5797a55b786184a537abd39c3fa1449d752d6\log4j-api-2.10.0.jar;C:\Users\JuanArevaloMerchan\.gradle\caches\modules-2\files-2.1\org.ow2.asm\asm\5.0.4\da08b8cce7bbf903602a25a3a163ae252435795\asm-5.0.4.jar, user.name=JuanArevaloMerchan, java.vm.specification.version=1.8, sun.java.command=worker.org.gradle.process.internal.worker.GradleWorkerMain 'Gradle Test Executor 2', java.home=C:\Program Files\Java\jdk1.8.0_144\jre, sun.arch.data.model=64, user.language=es, java.specification.vendor=Oracle Corporation, awt.toolkit=sun.awt.windows.WToolkit, java.vm.info=mixed mode, java.version=1.8.0_144, java.ext.dirs=C:\Program Files\Java\jdk1.8.0_144\jre\lib\ext;C:\WINDOWS\Sun\Java\lib\ext, sun.boot.class.path=C:\Program Files\Java\jdk1.8.0_144\jre\lib\resources.jar;C:\Program Files\Java\jdk1.8.0_144\jre\lib\rt.jar;C:\Program Files\Java\jdk1.8.0_144\jre\lib\sunrsasign.jar;C:\Program Files\Java\jdk1.8.0_144\jre\lib\jsse.jar;C:\Program Files\Java\jdk1.8.0_144\jre\lib\jce.jar;C:\Program Files\Java\jdk1.8.0_144\jre\lib\charsets.jar;C:\Program Files\Java\jdk1.8.0_144\jre\lib\jfr.jar;C:\Program Files\Java\jdk1.8.0_144\jre\classes, java.vendor=Oracle Corporation, org.gradle.test.worker=2, file.separator=\, java.vendor.url.bug=http://bugreport.sun.com/bugreport/, sun.io.unicode.encoding=UnicodeLittle, sun.cpu.endian=little, sun.desktop=windows, sun.cpu.isalist=amd64}}, SystemEnvironmentPropertySource@428523548 {name='systemEnvironment', properties={configsetroot=C:\WINDOWS\ConfigSetRoot, USERDOMAIN_ROAMINGPROFILE=JUANAREVALOM, LOCALAPPDATA=C:\Users\JuanArevaloMerchan\AppData\Local, PROCESSOR_LEVEL=6, USERDOMAIN=JUANAREVALOM, FPS_BROWSER_APP_PROFILE_STRING=Internet Explorer, LOGONSERVER=\\JUANAREVALOM, JAVA_HOME=C:\Program Files\Java\jdk1.8.0_144, SESSIONNAME=Console, ALLUSERSPROFILE=C:\ProgramData, PROCESSOR_ARCHITECTURE=AMD64, PSModulePath=C:\Program Files\WindowsPowerShell\Modules;C:\WINDOWS\system32\WindowsPowerShell\v1.0\Modules, SystemDrive=C:, OneDrive=C:\Users\JuanArevaloMerchan\OneDrive, APPDATA=C:\Users\JuanArevaloMerchan\AppData\Roaming, USERNAME=JuanArevaloMerchan, ProgramFiles(x86)=C:\Program Files (x86), CommonProgramFiles=C:\Program Files\Common Files, Path=C:\ProgramData\Oracle\Java\javapath;C:\Windows\system32;C:\Windows;C:\Windows\System32\Wbem;C:\Windows\System32\WindowsPowerShell\v1.0\;C:\Program Files (x86)\NVIDIA Corporation\PhysX\Common;C:\WINDOWS\system32;C:\WINDOWS;C:\WINDOWS\System32\Wbem;C:\WINDOWS\System32\WindowsPowerShell\v1.0\;C:\program files\apache-maven-3.5.0\bin;C:\Program Files\Java\jre1.8.0_144\bin;C:\Program Files\Java\jre1.8.0_144\bin\rmiregistry.exe;C:\Program Files (x86)\Git\cmd;C:\Program Files\nodejs\;C:\Gradle\bin;C:\Users\JuanArevaloMerchan\AppData\Local\Microsoft\WindowsApps;C:\Program Files\Heroku\bin;C:\Users\JuanArevaloMerchan\AppData\Roaming\npm, FPS_BROWSER_USER_PROFILE_STRING=Default, PATHEXT=.COM;.EXE;.BAT;.CMD;.VBS;.VBE;.JS;.JSE;.WSF;.WSH;.MSC, OS=Windows_NT, COMPUTERNAME=JUANAREVALOM, PROCESSOR_REVISION=4e03, CommonProgramW6432=C:\Program Files\Common Files, ComSpec=C:\WINDOWS\system32\cmd.exe, ProgramData=C:\ProgramData, ProgramW6432=C:\Program Files, HOMEPATH=\Users\JuanArevaloMerchan, SystemRoot=C:\WINDOWS, TEMP=C:\Users\JUANAR~1\AppData\Local\Temp, HOMEDRIVE=C:, PROCESSOR_IDENTIFIER=Intel64 Family 6 Model 78 Stepping 3, GenuineIntel, USERPROFILE=C:\Users\JuanArevaloMerchan, TMP=C:\Users\JUANAR~1\AppData\Local\Temp, CommonProgramFiles(x86)=C:\Program Files (x86)\Common Files, ProgramFiles=C:\Program Files, PUBLIC=C:\Users\Public, NUMBER_OF_PROCESSORS=4, windir=C:\WINDOWS, =::=::\}}]
17:21:55.983 [Test worker] DEBUG org.springframework.core.io.support.PathMatchingResourcePatternResolver - Resolved classpath location [eci/cosw/climapp/appclimapp/] to resources [URL [file:/C:/Users/JuanArevaloMerchan/Documents/NetBeansProjects/COSWProyecto/ClimappSpring-Boot/build/classes/java/test/eci/cosw/climapp/appclimapp/]]
17:21:55.986 [Test worker] DEBUG org.springframework.core.io.support.PathMatchingResourcePatternResolver - Looking for matching resources in directory tree [C:\Users\JuanArevaloMerchan\Documents\NetBeansProjects\COSWProyecto\ClimappSpring-Boot\build\classes\java\test\eci\cosw\climapp\appclimapp]
17:21:55.987 [Test worker] DEBUG org.springframework.core.io.support.PathMatchingResourcePatternResolver - Searching directory [C:\Users\JuanArevaloMerchan\Documents\NetBeansProjects\COSWProyecto\ClimappSpring-Boot\build\classes\java\test\eci\cosw\climapp\appclimapp] for files matching pattern [C:/Users/JuanArevaloMerchan/Documents/NetBeansProjects/COSWProyecto/ClimappSpring-Boot/build/classes/java/test/eci/cosw/climapp/appclimapp/*.class]
17:21:55.996 [Test worker] DEBUG org.springframework.core.io.support.PathMatchingResourcePatternResolver - Resolved location pattern [classpath*:eci/cosw/climapp/appclimapp/*.class] to resources [file [C:\Users\JuanArevaloMerchan\Documents\NetBeansProjects\COSWProyecto\ClimappSpring-Boot\build\classes\java\test\eci\cosw\climapp\appclimapp\AppClimappApplicationTests.class]]
17:21:56.037 [Test worker] DEBUG org.springframework.core.io.support.PathMatchingResourcePatternResolver - Resolved classpath location [eci/cosw/climapp/] to resources [URL [file:/C:/Users/JuanArevaloMerchan/Documents/NetBeansProjects/COSWProyecto/ClimappSpring-Boot/build/classes/java/test/eci/cosw/climapp/], URL [file:/C:/Users/JuanArevaloMerchan/Documents/NetBeansProjects/COSWProyecto/ClimappSpring-Boot/build/classes/java/main/eci/cosw/climapp/]]
17:21:56.038 [Test worker] DEBUG org.springframework.core.io.support.PathMatchingResourcePatternResolver - Looking for matching resources in directory tree [C:\Users\JuanArevaloMerchan\Documents\NetBeansProjects\COSWProyecto\ClimappSpring-Boot\build\classes\java\test\eci\cosw\climapp]
17:21:56.038 [Test worker] DEBUG org.springframework.core.io.support.PathMatchingResourcePatternResolver - Searching directory [C:\Users\JuanArevaloMerchan\Documents\NetBeansProjects\COSWProyecto\ClimappSpring-Boot\build\classes\java\test\eci\cosw\climapp] for files matching pattern [C:/Users/JuanArevaloMerchan/Documents/NetBeansProjects/COSWProyecto/ClimappSpring-Boot/build/classes/java/test/eci/cosw/climapp/*.class]
17:21:56.039 [Test worker] DEBUG org.springframework.core.io.support.PathMatchingResourcePatternResolver - Looking for matching resources in directory tree [C:\Users\JuanArevaloMerchan\Documents\NetBeansProjects\COSWProyecto\ClimappSpring-Boot\build\classes\java\main\eci\cosw\climapp]
17:21:56.040 [Test worker] DEBUG org.springframework.core.io.support.PathMatchingResourcePatternResolver - Searching directory [C:\Users\JuanArevaloMerchan\Documents\NetBeansProjects\COSWProyecto\ClimappSpring-Boot\build\classes\java\main\eci\cosw\climapp] for files matching pattern [C:/Users/JuanArevaloMerchan/Documents/NetBeansProjects/COSWProyecto/ClimappSpring-Boot/build/classes/java/main/eci/cosw/climapp/*.class]
17:21:56.065 [Test worker] DEBUG org.springframework.core.io.support.PathMatchingResourcePatternResolver - Resolved location pattern [classpath*:eci/cosw/climapp/*.class] to resources [file [C:\Users\JuanArevaloMerchan\Documents\NetBeansProjects\COSWProyecto\ClimappSpring-Boot\build\classes\java\main\eci\cosw\climapp\AppClimappApplication.class], file [C:\Users\JuanArevaloMerchan\Documents\NetBeansProjects\COSWProyecto\ClimappSpring-Boot\build\classes\java\main\eci\cosw\climapp\WebSocketConfigSTOMP.class]]
17:21:56.163 [Test worker] DEBUG org.springframework.context.annotation.ClassPathScanningCandidateComponentProvider - Identified candidate component class: file [C:\Users\JuanArevaloMerchan\Documents\NetBeansProjects\COSWProyecto\ClimappSpring-Boot\build\classes\java\main\eci\cosw\climapp\AppClimappApplication.class]
17:21:56.177 [Test worker] INFO org.springframework.boot.test.context.SpringBootTestContextBootstrapper - Found @SpringBootConfiguration eci.cosw.climapp.AppClimappApplication for test class eci.cosw.climapp.appclimapp.AppClimappApplicationTests
17:21:56.433 [Test worker] DEBUG org.springframework.boot.test.context.SpringBootTestContextBootstrapper - @TestExecutionListeners is not present for class [eci.cosw.climapp.appclimapp.AppClimappApplicationTests]: using defaults.
17:21:56.433 [Test worker] INFO org.springframework.boot.test.context.SpringBootTestContextBootstrapper - Loaded default TestExecutionListener class names from location [META-INF/spring.factories]: [org.springframework.boot.test.autoconfigure.restdocs.RestDocsTestExecutionListener, org.springframework.boot.test.autoconfigure.web.client.MockRestServiceServerResetTestExecutionListener, org.springframework.boot.test.autoconfigure.web.servlet.MockMvcPrintOnlyOnFailureTestExecutionListener, org.springframework.boot.test.autoconfigure.web.servlet.WebDriverTestExecutionListener, org.springframework.boot.test.mock.mockito.MockitoTestExecutionListener, org.springframework.boot.test.mock.mockito.ResetMocksTestExecutionListener, org.springframework.test.context.web.ServletTestExecutionListener, org.springframework.test.context.support.DirtiesContextBeforeModesTestExecutionListener, org.springframework.test.context.support.DependencyInjectionTestExecutionListener, org.springframework.test.context.support.DirtiesContextTestExecutionListener, org.springframework.test.context.transaction.TransactionalTestExecutionListener, org.springframework.test.context.jdbc.SqlScriptsTestExecutionListener]
17:21:56.487 [Test worker] INFO org.springframework.boot.test.context.SpringBootTestContextBootstrapper - Using TestExecutionListeners: [org.springframework.test.context.web.ServletTestExecutionListener@77b1ba1d, org.springframework.test.context.support.DirtiesContextBeforeModesTestExecutionListener@7453e0e1, org.springframework.boot.test.mock.mockito.MockitoTestExecutionListener@2e0cca86, org.springframework.boot.test.autoconfigure.SpringBootDependencyInjectionTestExecutionListener@71b885f3, org.springframework.test.context.support.DirtiesContextTestExecutionListener@b23b88b, org.springframework.test.context.transaction.TransactionalTestExecutionListener@609c15e6, org.springframework.test.context.jdbc.SqlScriptsTestExecutionListener@280cbb89, org.springframework.boot.test.autoconfigure.restdocs.RestDocsTestExecutionListener@1d2e2466, org.springframework.boot.test.autoconfigure.web.client.MockRestServiceServerResetTestExecutionListener@b5f20a8, org.springframework.boot.test.autoconfigure.web.servlet.MockMvcPrintOnlyOnFailureTestExecutionListener@bec2700, org.springframework.boot.test.autoconfigure.web.servlet.WebDriverTestExecutionListener@46f10507, org.springframework.boot.test.mock.mockito.ResetMocksTestExecutionListener@2a9004ab]
17:21:56.502 [Test worker] DEBUG org.springframework.test.annotation.ProfileValueUtils - Retrieved @ProfileValueSourceConfiguration [null] for test class [eci.cosw.climapp.appclimapp.AppClimappApplicationTests]
17:21:56.502 [Test worker] DEBUG org.springframework.test.annotation.ProfileValueUtils - Retrieved ProfileValueSource type [class org.springframework.test.annotation.SystemProfileValueSource] for class [eci.cosw.climapp.appclimapp.AppClimappApplicationTests]
17:21:56.502 [Test worker] DEBUG org.springframework.test.annotation.ProfileValueUtils - Retrieved @ProfileValueSourceConfiguration [null] for test class [eci.cosw.climapp.appclimapp.AppClimappApplicationTests]
17:21:56.502 [Test worker] DEBUG org.springframework.test.annotation.ProfileValueUtils - Retrieved ProfileValueSource type [class org.springframework.test.annotation.SystemProfileValueSource] for class [eci.cosw.climapp.appclimapp.AppClimappApplicationTests]
17:21:56.518 [Test worker] DEBUG org.springframework.test.context.support.AbstractDirtiesContextTestExecutionListener - Before test class: context [DefaultTestContext@5d08f429 testClass = AppClimappApplicationTests, testInstance = [null], testMethod = [null], testException = [null], mergedContextConfiguration = [WebMergedContextConfiguration@1e03c077 testClass = AppClimappApplicationTests, locations = '{}', classes = '{class eci.cosw.climapp.AppClimappApplication}', contextInitializerClasses = '[]', activeProfiles = '{}', propertySourceLocations = '{}', propertySourceProperties = '{org.springframework.boot.test.context.SpringBootTestContextBootstrapper=true}', contextCustomizers = set[org.springframework.boot.test.autoconfigure.properties.PropertyMappingContextCustomizer@0, org.springframework.boot.test.autoconfigure.web.servlet.WebDriverContextCustomizerFactory$Customizer@a20d7ab, org.springframework.boot.test.context.filter.ExcludeFilterContextCustomizer@574fb0df, org.springframework.boot.test.json.DuplicateJsonObjectContextCustomizerFactory$DuplicateJsonObjectContextCustomizer@ff8c141, org.springframework.boot.test.mock.mockito.MockitoContextCustomizer@0, org.springframework.boot.test.web.client.TestRestTemplateContextCustomizer@4a1ac009], resourceBasePath = 'src/main/webapp', contextLoader = 'org.springframework.boot.test.context.SpringBootContextLoader', parent = [null]], attributes = map['org.springframework.test.context.web.ServletTestExecutionListener.activateListener' -> true]], class annotated with @DirtiesContext [false] with mode [null].
17:21:56.518 [Test worker] DEBUG org.springframework.test.annotation.ProfileValueUtils - Retrieved @ProfileValueSourceConfiguration [null] for test class [eci.cosw.climapp.appclimapp.AppClimappApplicationTests]
17:21:56.518 [Test worker] DEBUG org.springframework.test.annotation.ProfileValueUtils - Retrieved ProfileValueSource type [class org.springframework.test.annotation.SystemProfileValueSource] for class [eci.cosw.climapp.appclimapp.AppClimappApplicationTests]
17:21:56.570 [Test worker] DEBUG org.springframework.core.env.StandardEnvironment - Adding PropertySource 'systemProperties' with lowest search precedence
17:21:56.570 [Test worker] DEBUG org.springframework.core.env.StandardEnvironment - Adding PropertySource 'systemEnvironment' with lowest search precedence
17:21:56.571 [Test worker] DEBUG org.springframework.core.env.StandardEnvironment - Initialized StandardEnvironment with PropertySources [MapPropertySource@812453141 {name='systemProperties', properties={java.runtime.name=Java(TM) SE Runtime Environment, sun.boot.library.path=C:\Program Files\Java\jdk1.8.0_144\jre\bin, java.vm.version=25.144-b01, java.vm.vendor=Oracle Corporation, java.vendor.url=http://java.oracle.com/, path.separator=;, java.vm.name=Java HotSpot(TM) 64-Bit Server VM, file.encoding.pkg=sun.io, user.script=, sun.java.launcher=SUN_STANDARD, user.country=CO, sun.os.patch.level=, java.vm.specification.name=Java Virtual Machine Specification, user.dir=C:\Users\JuanArevaloMerchan\Documents\NetBeansProjects\COSWProyecto\ClimappSpring-Boot, java.runtime.version=1.8.0_144-b01, java.awt.graphicsenv=sun.awt.Win32GraphicsEnvironment, java.endorsed.dirs=C:\Program Files\Java\jdk1.8.0_144\jre\lib\endorsed, os.arch=amd64, java.io.tmpdir=C:\Users\JUANAR~1\AppData\Local\Temp\, line.separator=
, java.vm.specification.vendor=Oracle Corporation, user.variant=, os.name=Windows 10, sun.jnu.encoding=Cp1252, java.library.path=C:\Program Files\Java\jdk1.8.0_144\bin;C:\WINDOWS\Sun\Java\bin;C:\WINDOWS\system32;C:\WINDOWS;C:\ProgramData\Oracle\Java\javapath;C:\Windows\system32;C:\Windows;C:\Windows\System32\Wbem;C:\Windows\System32\WindowsPowerShell\v1.0\;C:\Program Files (x86)\NVIDIA Corporation\PhysX\Common;C:\WINDOWS\system32;C:\WINDOWS;C:\WINDOWS\System32\Wbem;C:\WINDOWS\System32\WindowsPowerShell\v1.0\;C:\program files\apache-maven-3.5.0\bin;C:\Program Files\Java\jre1.8.0_144\bin;C:\Program Files\Java\jre1.8.0_144\bin\rmiregistry.exe;C:\Program Files (x86)\Git\cmd;C:\Program Files\nodejs\;C:\Gradle\bin;C:\Users\JuanArevaloMerchan\AppData\Local\Microsoft\WindowsApps;C:\Program Files\Heroku\bin;C:\Users\JuanArevaloMerchan\AppData\Roaming\npm;., java.specification.name=Java Platform API Specification, java.class.version=52.0, org.gradle.native=false, sun.management.compiler=HotSpot 64-Bit Tiered Compilers, os.version=10.0, user.home=C:\Users\JuanArevaloMerchan, user.timezone=America/Bogota, java.awt.printerjob=sun.awt.windows.WPrinterJob, file.encoding=windows-1252, java.specification.version=1.8, java.class.path=C:\Users\JuanArevaloMerchan\Documents\NetBeansProjects\COSWProyecto\ClimappSpring-Boot\build\classes\java\test;C:\Users\JuanArevaloMerchan\Documents\NetBeansProjects\COSWProyecto\ClimappSpring-Boot\build\resources\test;C:\Users\JuanArevaloMerchan\Documents\NetBeansProjects\COSWProyecto\ClimappSpring-Boot\build\classes\java\main;C:\Users\JuanArevaloMerchan\Documents\NetBeansProjects\COSWProyecto\ClimappSpring-Boot\build\resources\main;C:\Users\JuanArevaloMerchan\.gradle\caches\modules-2\files-2.1\io.jsonwebtoken\jjwt\0.6.0\3c8a7897b9ca31c83d3dd364be7f75ce5cd417d7\jjwt-0.6.0.jar;C:\Users\JuanArevaloMerchan\.gradle\caches\modules-2\files-2.1\org.springframework.boot\spring-boot-starter-websocket\2.0.0.BUILD-SNAPSHOT\ca49b8bd5744ae1d01a6da2b3a8a31c37ca7033f\spring-boot-starter-websocket-2.0.0.BUILD-SNAPSHOT.jar;C:\Users\JuanArevaloMerchan\.gradle\caches\modules-2\files-2.1\org.springframework.boot\spring-boot-starter-web\2.0.0.BUILD-SNAPSHOT\336fc9b2d5e1e1ff91fda31f6ae9783ff7e993c2\spring-boot-starter-web-2.0.0.BUILD-SNAPSHOT.jar;C:\Users\JuanArevaloMerchan\.gradle\caches\modules-2\files-2.1\org.springframework\spring-messaging\5.0.4.RELEASE\21c0ee684684c50a6b13eaa894b2ceb3860dff12\spring-messaging-5.0.4.RELEASE.jar;C:\Users\JuanArevaloMerchan\.gradle\caches\modules-2\files-2.1\org.springframework.boot\spring-boot-starter-data-jpa\1.5.7.RELEASE\ccdf14487724b7c1343e5d2605f7170c026e405\spring-boot-starter-data-jpa-1.5.7.RELEASE.jar;C:\Users\JuanArevaloMerchan\.gradle\caches\modules-2\files-2.1\mysql\mysql-connector-java\5.1.6\380ef5226de2c85ff3b38cbfefeea881c5fce09d\mysql-connector-java-5.1.6.jar;C:\Users\JuanArevaloMerchan\.gradle\caches\modules-2\files-2.1\org.springframework.boot\spring-boot-starter-test\2.0.0.BUILD-SNAPSHOT\bb98b62bbe6306a59f57ad2fd6ab29219ff60803\spring-boot-starter-test-2.0.0.BUILD-SNAPSHOT.jar;C:\Users\JuanArevaloMerchan\.gradle\caches\modules-2\files-2.1\com.h2database\h2\1.4.196\dd0034398d593aa3588c6773faac429bbd9aea0e\h2-1.4.196.jar;C:\Users\JuanArevaloMerchan\.gradle\caches\modules-2\files-2.1\org.springframework.boot\spring-boot-starter-json\2.0.0.BUILD-SNAPSHOT\5d6e4b1c929bed27c30e2583dcc4b4c75f80e285\spring-boot-starter-json-2.0.0.BUILD-SNAPSHOT.jar;C:\Users\JuanArevaloMerchan\.gradle\caches\modules-2\files-2.1\com.fasterxml.jackson.datatype\jackson-datatype-jdk8\2.9.4\63ac052d52a70a15820d3dc07ea757826fd51d40\jackson-datatype-jdk8-2.9.4.jar;C:\Users\JuanArevaloMerchan\.gradle\caches\modules-2\files-2.1\com.fasterxml.jackson.datatype\jackson-datatype-jsr310\2.9.4\12d52679a6615c7972ea25bd8ebb60b191fe79b7\jackson-datatype-jsr310-2.9.4.jar;C:\Users\JuanArevaloMerchan\.gradle\caches\modules-2\files-2.1\com.fasterxml.jackson.module\jackson-module-parameter-names\2.9.4\5833c819877c3e85bad847f4d2fa4e70379217c6\jackson-module-parameter-names-2.9.4.jar;C:\Users\JuanArevaloMerchan\.gradle\caches\modules-2\files-2.1\com.fasterxml.jackson.core\jackson-databind\2.9.4\498bbc3b94f566982c7f7c6d4d303fce365529be\jackson-databind-2.9.4.jar;C:\Users\JuanArevaloMerchan\.gradle\caches\modules-2\files-2.1\org.springframework.boot\spring-boot-starter-aop\2.0.0.BUILD-SNAPSHOT\9199522e49f80689cbd0089d12889146de7db8b8\spring-boot-starter-aop-2.0.0.BUILD-SNAPSHOT.jar;C:\Users\JuanArevaloMerchan\.gradle\caches\modules-2\files-2.1\org.springframework.boot\spring-boot-starter-jdbc\2.0.0.BUILD-SNAPSHOT\b1e52a71931a9f1c02cae2b45fe4ac9ff52c833\spring-boot-starter-jdbc-2.0.0.BUILD-SNAPSHOT.jar;C:\Users\JuanArevaloMerchan\.gradle\caches\modules-2\files-2.1\org.springframework.boot\spring-boot-starter\2.0.0.BUILD-SNAPSHOT\6ebe785dfd37c7213bf23d8223d50258e75051e2\spring-boot-starter-2.0.0.BUILD-SNAPSHOT.jar;C:\Users\JuanArevaloMerchan\.gradle\caches\modules-2\files-2.1\org.springframework\spring-websocket\5.0.4.RELEASE\8895d10b40aa6204a8b4afd3bdb6fe558fcf5c66\spring-websocket-5.0.4.RELEASE.jar;C:\Users\JuanArevaloMerchan\.gradle\caches\modules-2\files-2.1\org.springframework.boot\spring-boot-starter-tomcat\2.0.0.BUILD-SNAPSHOT\72902c5544e3332ea31de2b9a430a0b48694e758\spring-boot-starter-tomcat-2.0.0.BUILD-SNAPSHOT.jar;C:\Users\JuanArevaloMerchan\.gradle\caches\modules-2\files-2.1\org.hibernate.validator\hibernate-validator\6.0.7.Final\8b9d9c7ec8c73963ea0fe81912fc67711a4ef76\hibernate-validator-6.0.7.Final.jar;C:\Users\JuanArevaloMerchan\.gradle\caches\modules-2\files-2.1\org.springframework\spring-webmvc\5.0.4.RELEASE\addcf1caa22613c474bd6dde8c7134fef940b1f0\spring-webmvc-5.0.4.RELEASE.jar;C:\Users\JuanArevaloMerchan\.gradle\caches\modules-2\files-2.1\org.springframework\spring-web\5.0.4.RELEASE\9565bbc67bf1a850a6505deaa5103931712a7b80\spring-web-5.0.4.RELEASE.jar;C:\Users\JuanArevaloMerchan\.gradle\caches\modules-2\files-2.1\org.springframework.data\spring-data-jpa\2.0.5.RELEASE\51b2e315174e32b4c8a4841a147002555add076c\spring-data-jpa-2.0.5.RELEASE.jar;C:\Users\JuanArevaloMerchan\.gradle\caches\modules-2\files-2.1\org.springframework.boot\spring-boot-test-autoconfigure\2.0.0.BUILD-SNAPSHOT\41860d7b5ed1358fe3f3efd4aa5ab4bd490816b9\spring-boot-test-autoconfigure-2.0.0.BUILD-SNAPSHOT.jar;C:\Users\JuanArevaloMerchan\.gradle\caches\modules-2\files-2.1\org.springframework.boot\spring-boot-test\2.0.0.BUILD-SNAPSHOT\e7c89158f1f5c6e5bbc7e8bb70b766902d6e2261\spring-boot-test-2.0.0.BUILD-SNAPSHOT.jar;C:\Users\JuanArevaloMerchan\.gradle\caches\modules-2\files-2.1\org.springframework.boot\spring-boot-autoconfigure\2.0.0.BUILD-SNAPSHOT\245af3dd2605e7e8045aceb95d06fde1697d4392\spring-boot-autoconfigure-2.0.0.BUILD-SNAPSHOT.jar;C:\Users\JuanArevaloMerchan\.gradle\caches\modules-2\files-2.1\org.springframework.boot\spring-boot\2.0.0.BUILD-SNAPSHOT\6616fb013b61b1643559e939946db2d72ebdf749\spring-boot-2.0.0.BUILD-SNAPSHOT.jar;C:\Users\JuanArevaloMerchan\.gradle\caches\modules-2\files-2.1\org.springframework\spring-context\5.0.4.RELEASE\3e76d08c851113077642c5704f0f94d5ce58e905\spring-context-5.0.4.RELEASE.jar;C:\Users\JuanArevaloMerchan\.gradle\caches\modules-2\files-2.1\org.springframework\spring-aop\5.0.4.RELEASE\f8e029e54c0267dadb6b9f713f3feb54ec4f3a0e\spring-aop-5.0.4.RELEASE.jar;C:\Users\JuanArevaloMerchan\.gradle\caches\modules-2\files-2.1\org.springframework\spring-orm\5.0.4.RELEASE\dc83e08ecdb4ab28339f87358b53d75b4a8d1b9\spring-orm-5.0.4.RELEASE.jar;C:\Users\JuanArevaloMerchan\.gradle\caches\modules-2\files-2.1\org.springframework\spring-jdbc\5.0.4.RELEASE\6b5ac0db11d81d6319ebd0bb253b2f01713df3ab\spring-jdbc-5.0.4.RELEASE.jar;C:\Users\JuanArevaloMerchan\.gradle\caches\modules-2\files-2.1\org.springframework.data\spring-data-commons\2.0.5.RELEASE\f5357c650f63f3a187d3d4086a9e9132f33851a6\spring-data-commons-2.0.5.RELEASE.jar;C:\Users\JuanArevaloMerchan\.gradle\caches\modules-2\files-2.1\org.springframework\spring-tx\5.0.4.RELEASE\7afc193c5d2b812ee6d2ccaf6fcc81fb83bfb4a7\spring-tx-5.0.4.RELEASE.jar;C:\Users\JuanArevaloMerchan\.gradle\caches\modules-2\files-2.1\org.springframework\spring-beans\5.0.4.RELEASE\7a8c3d48d4c33621e64d1399721d8e067450fcbd\spring-beans-5.0.4.RELEASE.jar;C:\Users\JuanArevaloMerchan\.gradle\caches\modules-2\files-2.1\org.springframework\spring-test\5.0.4.RELEASE\3fc10b6535a113593fa8780951465012a7677e21\spring-test-5.0.4.RELEASE.jar;C:\Users\JuanArevaloMerchan\.gradle\caches\modules-2\files-2.1\org.springframework\spring-expression\5.0.4.RELEASE\4bda161f2e34c1486f2527a23eb47293567f473c\spring-expression-5.0.4.RELEASE.jar;C:\Users\JuanArevaloMerchan\.gradle\caches\modules-2\files-2.1\org.springframework\spring-core\5.0.4.RELEASE\2221a957b5561a34f044350ba4e30ef5870254a3\spring-core-5.0.4.RELEASE.jar;C:\Users\JuanArevaloMerchan\.gradle\caches\modules-2\files-2.1\org.hibernate\hibernate-entitymanager\5.2.14.Final\8030dd84931df3f9ba89a82d4eb702ca5a0e7dba\hibernate-entitymanager-5.2.14.Final.jar;C:\Users\JuanArevaloMerchan\.gradle\caches\modules-2\files-2.1\org.hibernate\hibernate-core\5.2.14.Final\2132ad4a9fa5088156469ec85306afe574bb8c24\hibernate-core-5.2.14.Final.jar;C:\Users\JuanArevaloMerchan\.gradle\caches\modules-2\files-2.1\javax.transaction\javax.transaction-api\1.2\d81aff979d603edd90dcd8db2abc1f4ce6479e3e\javax.transaction-api-1.2.jar;C:\Users\JuanArevaloMerchan\.gradle\caches\modules-2\files-2.1\org.springframework\spring-aspects\5.0.4.RELEASE\454ee13fc4f439065572dd526e81c699d1d61e3e\spring-aspects-5.0.4.RELEASE.jar;C:\Users\JuanArevaloMerchan\.gradle\caches\modules-2\files-2.1\com.jayway.jsonpath\json-path\2.4.0\765a4401ceb2dc8d40553c2075eb80a8fa35c2ae\json-path-2.4.0.jar;C:\Users\JuanArevaloMerchan\.gradle\caches\modules-2\files-2.1\junit\junit\4.12\2973d150c0dc1fefe998f834810d68f278ea58ec\junit-4.12.jar;C:\Users\JuanArevaloMerchan\.gradle\caches\modules-2\files-2.1\org.assertj\assertj-core\3.9.1\c5ce126b15f28d56cd8f960c1a6a058b9c9aea87\assertj-core-3.9.1.jar;C:\Users\JuanArevaloMerchan\.gradle\caches\modules-2\files-2.1\org.mockito\mockito-core\2.15.0\b84bfbbc29cd22c9529409627af6ea2897f4fa85\mockito-core-2.15.0.jar;C:\Users\JuanArevaloMerchan\.gradle\caches\modules-2\files-2.1\org.hamcrest\hamcrest-library\1.3\4785a3c21320980282f9f33d0d1264a69040538f\hamcrest-library-1.3.jar;C:\Users\JuanArevaloMerchan\.gradle\caches\modules-2\files-2.1\org.hamcrest\hamcrest-core\1.3\42a25dc3219429f0e5d060061f71acb49bf010a0\hamcrest-core-1.3.jar;C:\Users\JuanArevaloMerchan\.gradle\caches\modules-2\files-2.1\org.skyscreamer\jsonassert\1.5.0\6c9d5fe2f59da598d9aefc1cfc6528ff3cf32df3\jsonassert-1.5.0.jar;C:\Users\JuanArevaloMerchan\.gradle\caches\modules-2\files-2.1\org.xmlunit\xmlunit-core\2.5.1\4ffdb346572a7356f7521cd3119ce5287d2e339d\xmlunit-core-2.5.1.jar;C:\Users\JuanArevaloMerchan\.gradle\caches\modules-2\files-2.1\com.fasterxml.jackson.core\jackson-annotations\2.9.0\7c10d545325e3a6e72e06381afe469fd40eb701\jackson-annotations-2.9.0.jar;C:\Users\JuanArevaloMerchan\.gradle\caches\modules-2\files-2.1\com.fasterxml.jackson.core\jackson-core\2.9.4\a9a71ec1aa37da47db168fede9a4a5fb5e374320\jackson-core-2.9.4.jar;C:\Users\JuanArevaloMerchan\.gradle\caches\modules-2\files-2.1\org.springframework.boot\spring-boot-starter-logging\2.0.0.BUILD-SNAPSHOT\d82d723e090cba4ea2e847b8dccd09c27d37eb69\spring-boot-starter-logging-2.0.0.BUILD-SNAPSHOT.jar;C:\Users\JuanArevaloMerchan\.gradle\caches\modules-2\files-2.1\javax.annotation\javax.annotation-api\1.3.2\934c04d3cfef185a8008e7bf34331b79730a9d43\javax.annotation-api-1.3.2.jar;C:\Users\JuanArevaloMerchan\.gradle\caches\modules-2\files-2.1\org.yaml\snakeyaml\1.19\2d998d3d674b172a588e54ab619854d073f555b5\snakeyaml-1.19.jar;C:\Users\JuanArevaloMerchan\.gradle\caches\modules-2\files-2.1\org.apache.tomcat.embed\tomcat-embed-websocket\8.5.28\8a5a48740dd80cad644ceb541e77fd8e0809e3b7\tomcat-embed-websocket-8.5.28.jar;C:\Users\JuanArevaloMerchan\.gradle\caches\modules-2\files-2.1\org.apache.tomcat.embed\tomcat-embed-core\8.5.28\b684c98cf77c6528079c4e59fc1feeb218bf82f1\tomcat-embed-core-8.5.28.jar;C:\Users\JuanArevaloMerchan\.gradle\caches\modules-2\files-2.1\org.apache.tomcat.embed\tomcat-embed-el\8.5.28\75745598f60646ccf0c4b105468a9c8be9b8432e\tomcat-embed-el-8.5.28.jar;C:\Users\JuanArevaloMerchan\.gradle\caches\modules-2\files-2.1\javax.validation\validation-api\2.0.1.Final\cb855558e6271b1b32e716d24cb85c7f583ce09e\validation-api-2.0.1.Final.jar;C:\Users\JuanArevaloMerchan\.gradle\caches\modules-2\files-2.1\org.hibernate.common\hibernate-commons-annotations\5.0.1.Final\71e1cff3fcb20d3b3af4f3363c3ddb24d33c6879\hibernate-commons-annotations-5.0.1.Final.jar;C:\Users\JuanArevaloMerchan\.gradle\caches\modules-2\files-2.1\org.jboss.logging\jboss-logging\3.3.2.Final\3789d00e859632e6c6206adc0c71625559e6e3b0\jboss-logging-3.3.2.Final.jar;C:\Users\JuanArevaloMerchan\.gradle\caches\modules-2\files-2.1\com.fasterxml\classmate\1.3.4\3d5f48f10bbe4eb7bd862f10c0583be2e0053c6\classmate-1.3.4.jar;C:\Users\JuanArevaloMerchan\.gradle\caches\modules-2\files-2.1\org.springframework\spring-jcl\5.0.4.RELEASE\3053e2bad0a18571bdbb9596ce51f9d458f5934f\spring-jcl-5.0.4.RELEASE.jar;C:\Users\JuanArevaloMerchan\.gradle\caches\modules-2\files-2.1\org.aspectj\aspectjweaver\1.8.13\ad94df2a28d658a40dc27bbaff6a1ce5fbf04e9b\aspectjweaver-1.8.13.jar;C:\Users\JuanArevaloMerchan\.gradle\caches\modules-2\files-2.1\com.zaxxer\HikariCP\2.7.8\4a3a604fa2efa89621aa498d04e000b2bed90c39\HikariCP-2.7.8.jar;C:\Users\JuanArevaloMerchan\.gradle\caches\modules-2\files-2.1\org.hibernate.javax.persistence\hibernate-jpa-2.1-api\1.0.0.Final\5e731d961297e5a07290bfaf3db1fbc8bbbf405a\hibernate-jpa-2.1-api-1.0.0.Final.jar;C:\Users\JuanArevaloMerchan\.gradle\caches\modules-2\files-2.1\org.javassist\javassist\3.22.0-GA\3e83394258ae2089be7219b971ec21a8288528ad\javassist-3.22.0-GA.jar;C:\Users\JuanArevaloMerchan\.gradle\caches\modules-2\files-2.1\antlr\antlr\2.7.7\83cd2cd674a217ade95a4bb83a8a14f351f48bd0\antlr-2.7.7.jar;C:\Users\JuanArevaloMerchan\.gradle\caches\modules-2\files-2.1\org.jboss.spec.javax.transaction\jboss-transaction-api_1.2_spec\1.0.1.Final\4441f144a2a1f46ed48fcc6b476a4b6295e6d524\jboss-transaction-api_1.2_spec-1.0.1.Final.jar;C:\Users\JuanArevaloMerchan\.gradle\caches\modules-2\files-2.1\org.jboss\jandex\2.0.3.Final\bfc4d6257dbff7a33a357f0de116be6ff951d849\jandex-2.0.3.Final.jar;C:\Users\JuanArevaloMerchan\.gradle\caches\modules-2\files-2.1\dom4j\dom4j\1.6.1\5d3ccc056b6f056dbf0dddfdf43894b9065a8f94\dom4j-1.6.1.jar;C:\Users\JuanArevaloMerchan\.gradle\caches\modules-2\files-2.1\net.bytebuddy\byte-buddy\1.7.10\3c8ec287c0a5bd04b1e3f11723bc46a50346602b\byte-buddy-1.7.10.jar;C:\Users\JuanArevaloMerchan\.gradle\caches\modules-2\files-2.1\ch.qos.logback\logback-classic\1.2.3\7c4f3c474fb2c041d8028740440937705ebb473a\logback-classic-1.2.3.jar;C:\Users\JuanArevaloMerchan\.gradle\caches\modules-2\files-2.1\org.apache.logging.log4j\log4j-to-slf4j\2.10.0\f7e631ccf49cfc0aefa4a2a728da7d374c05bd3c\log4j-to-slf4j-2.10.0.jar;C:\Users\JuanArevaloMerchan\.gradle\caches\modules-2\files-2.1\org.slf4j\jul-to-slf4j\1.7.25\af5364cd6679bfffb114f0dec8a157aaa283b76\jul-to-slf4j-1.7.25.jar;C:\Users\JuanArevaloMerchan\.gradle\caches\modules-2\files-2.1\org.slf4j\slf4j-api\1.7.25\da76ca59f6a57ee3102f8f9bd9cee742973efa8a\slf4j-api-1.7.25.jar;C:\Users\JuanArevaloMerchan\.gradle\caches\modules-2\files-2.1\net.minidev\json-smart\2.3\7396407491352ce4fa30de92efb158adb76b5b\json-smart-2.3.jar;C:\Users\JuanArevaloMerchan\.gradle\caches\modules-2\files-2.1\net.bytebuddy\byte-buddy-agent\1.7.10\9b092a8fb9112b89f6cb23fc929cfb931b14007b\byte-buddy-agent-1.7.10.jar;C:\Users\JuanArevaloMerchan\.gradle\caches\modules-2\files-2.1\org.objenesis\objenesis\2.6\639033469776fd37c08358c6b92a4761feb2af4b\objenesis-2.6.jar;C:\Users\JuanArevaloMerchan\.gradle\caches\modules-2\files-2.1\com.vaadin.external.google\android-json\0.0.20131108.vaadin1\fa26d351fe62a6a17f5cda1287c1c6110dec413f\android-json-0.0.20131108.vaadin1.jar;C:\Users\JuanArevaloMerchan\.gradle\caches\modules-2\files-2.1\net.minidev\accessors-smart\1.2\c592b500269bfde36096641b01238a8350f8aa31\accessors-smart-1.2.jar;C:\Users\JuanArevaloMerchan\.gradle\caches\modules-2\files-2.1\ch.qos.logback\logback-core\1.2.3\864344400c3d4d92dfeb0a305dc87d953677c03c\logback-core-1.2.3.jar;C:\Users\JuanArevaloMerchan\.gradle\caches\modules-2\files-2.1\org.apache.logging.log4j\log4j-api\2.10.0\fec5797a55b786184a537abd39c3fa1449d752d6\log4j-api-2.10.0.jar;C:\Users\JuanArevaloMerchan\.gradle\caches\modules-2\files-2.1\org.ow2.asm\asm\5.0.4\da08b8cce7bbf903602a25a3a163ae252435795\asm-5.0.4.jar, user.name=JuanArevaloMerchan, java.vm.specification.version=1.8, sun.java.command=worker.org.gradle.process.internal.worker.GradleWorkerMain 'Gradle Test Executor 2', java.home=C:\Program Files\Java\jdk1.8.0_144\jre, sun.arch.data.model=64, user.language=es, java.specification.vendor=Oracle Corporation, awt.toolkit=sun.awt.windows.WToolkit, java.vm.info=mixed mode, java.version=1.8.0_144, java.ext.dirs=C:\Program Files\Java\jdk1.8.0_144\jre\lib\ext;C:\WINDOWS\Sun\Java\lib\ext, sun.boot.class.path=C:\Program Files\Java\jdk1.8.0_144\jre\lib\resources.jar;C:\Program Files\Java\jdk1.8.0_144\jre\lib\rt.jar;C:\Program Files\Java\jdk1.8.0_144\jre\lib\sunrsasign.jar;C:\Program Files\Java\jdk1.8.0_144\jre\lib\jsse.jar;C:\Program Files\Java\jdk1.8.0_144\jre\lib\jce.jar;C:\Program Files\Java\jdk1.8.0_144\jre\lib\charsets.jar;C:\Program Files\Java\jdk1.8.0_144\jre\lib\jfr.jar;C:\Program Files\Java\jdk1.8.0_144\jre\classes, java.vendor=Oracle Corporation, org.gradle.test.worker=2, file.separator=\, java.vendor.url.bug=http://bugreport.sun.com/bugreport/, sun.io.unicode.encoding=UnicodeLittle, sun.cpu.endian=little, sun.desktop=windows, sun.cpu.isalist=amd64}}, SystemEnvironmentPropertySource@1691271531 {name='systemEnvironment', properties={configsetroot=C:\WINDOWS\ConfigSetRoot, USERDOMAIN_ROAMINGPROFILE=JUANAREVALOM, LOCALAPPDATA=C:\Users\JuanArevaloMerchan\AppData\Local, PROCESSOR_LEVEL=6, USERDOMAIN=JUANAREVALOM, FPS_BROWSER_APP_PROFILE_STRING=Internet Explorer, LOGONSERVER=\\JUANAREVALOM, JAVA_HOME=C:\Program Files\Java\jdk1.8.0_144, SESSIONNAME=Console, ALLUSERSPROFILE=C:\ProgramData, PROCESSOR_ARCHITECTURE=AMD64, PSModulePath=C:\Program Files\WindowsPowerShell\Modules;C:\WINDOWS\system32\WindowsPowerShell\v1.0\Modules, SystemDrive=C:, OneDrive=C:\Users\JuanArevaloMerchan\OneDrive, APPDATA=C:\Users\JuanArevaloMerchan\AppData\Roaming, USERNAME=JuanArevaloMerchan, ProgramFiles(x86)=C:\Program Files (x86), CommonProgramFiles=C:\Program Files\Common Files, Path=C:\ProgramData\Oracle\Java\javapath;C:\Windows\system32;C:\Windows;C:\Windows\System32\Wbem;C:\Windows\System32\WindowsPowerShell\v1.0\;C:\Program Files (x86)\NVIDIA Corporation\PhysX\Common;C:\WINDOWS\system32;C:\WINDOWS;C:\WINDOWS\System32\Wbem;C:\WINDOWS\System32\WindowsPowerShell\v1.0\;C:\program files\apache-maven-3.5.0\bin;C:\Program Files\Java\jre1.8.0_144\bin;C:\Program Files\Java\jre1.8.0_144\bin\rmiregistry.exe;C:\Program Files (x86)\Git\cmd;C:\Program Files\nodejs\;C:\Gradle\bin;C:\Users\JuanArevaloMerchan\AppData\Local\Microsoft\WindowsApps;C:\Program Files\Heroku\bin;C:\Users\JuanArevaloMerchan\AppData\Roaming\npm, FPS_BROWSER_USER_PROFILE_STRING=Default, PATHEXT=.COM;.EXE;.BAT;.CMD;.VBS;.VBE;.JS;.JSE;.WSF;.WSH;.MSC, OS=Windows_NT, COMPUTERNAME=JUANAREVALOM, PROCESSOR_REVISION=4e03, CommonProgramW6432=C:\Program Files\Common Files, ComSpec=C:\WINDOWS\system32\cmd.exe, ProgramData=C:\ProgramData, ProgramW6432=C:\Program Files, HOMEPATH=\Users\JuanArevaloMerchan, SystemRoot=C:\WINDOWS, TEMP=C:\Users\JUANAR~1\AppData\Local\Temp, HOMEDRIVE=C:, PROCESSOR_IDENTIFIER=Intel64 Family 6 Model 78 Stepping 3, GenuineIntel, USERPROFILE=C:\Users\JuanArevaloMerchan, TMP=C:\Users\JUANAR~1\AppData\Local\Temp, CommonProgramFiles(x86)=C:\Program Files (x86)\Common Files, ProgramFiles=C:\Program Files, PUBLIC=C:\Users\Public, NUMBER_OF_PROCESSORS=4, windir=C:\WINDOWS, =::=::\}}]
17:21:56.571 [Test worker] DEBUG org.springframework.test.context.support.TestPropertySourceUtils - Adding inlined properties to environment: {spring.jmx.enabled=false, org.springframework.boot.test.context.SpringBootTestContextBootstrapper=true, server.port=-1}
17:21:56.571 [Test worker] DEBUG org.springframework.core.env.StandardEnvironment - Adding PropertySource 'Inlined Test Properties' with highest search precedence

  .   ____          _            __ _ _
 /\\ / ___'_ __ _ _(_)_ __  __ _ \ \ \ \
( ( )\___ | '_ | '_| | '_ \/ _` | \ \ \ \
 \\/  ___)| |_)| | | | | || (_| |  ) ) ) )
  '  |____| .__|_| |_|_| |_\__, | / / / /
 =========|_|==============|___/=/_/_/_/
 :: Spring Boot ::  (v2.0.0.BUILD-SNAPSHOT)

2018-03-26 17:21:57.089  INFO 6416 --- [    Test worker] e.c.c.a.AppClimappApplicationTests       : Starting AppClimappApplicationTests on JuanArevaloM with PID 6416 (started by JuanArevaloMerchan in C:\Users\JuanArevaloMerchan\Documents\NetBeansProjects\COSWProyecto\ClimappSpring-Boot)
2018-03-26 17:21:57.091  INFO 6416 --- [    Test worker] e.c.c.a.AppClimappApplicationTests       : No active profile set, falling back to default profiles: default
2018-03-26 17:21:57.179  INFO 6416 --- [    Test worker] o.s.w.c.s.GenericWebApplicationContext   : Refreshing org.springframework.web.context.support.GenericWebApplicationContext@138a31e2: startup date [Mon Mar 26 17:21:57 COT 2018]; root of context hierarchy
2018-03-26 17:22:00.355  INFO 6416 --- [    Test worker] trationDelegate$BeanPostProcessorChecker : Bean 'org.springframework.transaction.annotation.ProxyTransactionManagementConfiguration' of type [org.springframework.transaction.annotation.ProxyTransactionManagementConfiguration$$EnhancerBySpringCGLIB$$cb42c39] is not eligible for getting processed by all BeanPostProcessors (for example: not eligible for auto-proxying)
2018-03-26 17:22:00.849  INFO 6416 --- [    Test worker] com.zaxxer.hikari.HikariDataSource       : HikariPool-1 - Starting...
2018-03-26 17:22:03.387  INFO 6416 --- [    Test worker] com.zaxxer.hikari.pool.PoolBase          : HikariPool-1 - Driver does not support get/set network timeout for connections. (com.mysql.jdbc.JDBC4Connection.getNetworkTimeout()I)
2018-03-26 17:22:04.088  INFO 6416 --- [    Test worker] com.zaxxer.hikari.HikariDataSource       : HikariPool-1 - Start completed.
2018-03-26 17:22:04.303  INFO 6416 --- [    Test worker] j.LocalContainerEntityManagerFactoryBean : Building JPA container EntityManagerFactory for persistence unit 'default'
2018-03-26 17:22:04.339  INFO 6416 --- [    Test worker] o.hibernate.jpa.internal.util.LogHelper  : HHH000204: Processing PersistenceUnitInfo [
	name: default
	...]
2018-03-26 17:22:04.486  INFO 6416 --- [    Test worker] org.hibernate.Version                    : HHH000412: Hibernate Core {5.2.14.Final}
2018-03-26 17:22:04.486  INFO 6416 --- [    Test worker] org.hibernate.cfg.Environment            : HHH000206: hibernate.properties not found
2018-03-26 17:22:04.586  INFO 6416 --- [    Test worker] o.hibernate.annotations.common.Version   : HCANN000001: Hibernate Commons Annotations {5.0.1.Final}
2018-03-26 17:22:04.955  INFO 6416 --- [    Test worker] org.hibernate.dialect.Dialect            : HHH000400: Using dialect: org.hibernate.dialect.MySQLDialect
2018-03-26 17:22:05.036  INFO 6416 --- [    Test worker] o.h.e.j.e.i.LobCreatorBuilderImpl        : HHH000423: Disabling contextual LOB creation as JDBC driver reported JDBC version [3] less than 4
2018-03-26 17:22:06.173  INFO 6416 --- [    Test worker] j.LocalContainerEntityManagerFactoryBean : Initialized JPA EntityManagerFactory for persistence unit 'default'
2018-03-26 17:22:06.669  INFO 6416 --- [    Test worker] o.s.s.concurrent.ThreadPoolTaskExecutor  : Initializing ExecutorService  'clientInboundChannelExecutor'
2018-03-26 17:22:06.695  INFO 6416 --- [    Test worker] o.s.s.concurrent.ThreadPoolTaskExecutor  : Initializing ExecutorService  'clientOutboundChannelExecutor'
2018-03-26 17:22:06.789  INFO 6416 --- [    Test worker] o.s.s.c.ThreadPoolTaskScheduler          : Initializing ExecutorService  'messageBrokerTaskScheduler'
2018-03-26 17:22:06.949  INFO 6416 --- [    Test worker] o.s.w.s.s.s.WebSocketHandlerMapping      : Mapped URL path [/stompendpoint/**] onto handler of type [class org.springframework.web.socket.sockjs.support.SockJsHttpRequestHandler]
2018-03-26 17:22:07.004  INFO 6416 --- [    Test worker] o.s.s.concurrent.ThreadPoolTaskExecutor  : Initializing ExecutorService  'brokerChannelExecutor'
2018-03-26 17:22:08.600  INFO 6416 --- [    Test worker] o.h.h.i.QueryTranslatorFactoryInitiator  : HHH000397: Using ASTQueryTranslatorFactory
2018-03-26 17:22:09.720  INFO 6416 --- [    Test worker] s.w.s.m.m.a.RequestMappingHandlerAdapter : Looking for @ControllerAdvice: org.springframework.web.context.support.GenericWebApplicationContext@138a31e2: startup date [Mon Mar 26 17:21:57 COT 2018]; root of context hierarchy
2018-03-26 17:22:09.865  WARN 6416 --- [    Test worker] aWebConfiguration$JpaWebMvcConfiguration : spring.jpa.open-in-view is enabled by default. Therefore, database queries may be performed during view rendering. Explicitly configure spring.jpa.open-in-view to disable this warning
2018-03-26 17:22:09.995  INFO 6416 --- [    Test worker] s.w.s.m.m.a.RequestMappingHandlerMapping : Mapped "{[/publications/findpublication],methods=[POST]}" onto public boolean eci.cosw.climapp.restController.PublicationController.findPublication(eci.cosw.climapp.models.Report) throws eci.cosw.climapp.services.ServicesException
2018-03-26 17:22:10.001  INFO 6416 --- [    Test worker] s.w.s.m.m.a.RequestMappingHandlerMapping : Mapped "{[/publications/],methods=[GET]}" onto public java.util.List<eci.cosw.climapp.models.Publication> eci.cosw.climapp.restController.PublicationController.getPublications()
2018-03-26 17:22:10.009  INFO 6416 --- [    Test worker] s.w.s.m.m.a.RequestMappingHandlerMapping : Mapped "{[/reports/],methods=[GET]}" onto public java.util.List<eci.cosw.climapp.models.Report> eci.cosw.climapp.restController.ReportController.getReports()
2018-03-26 17:22:10.014  INFO 6416 --- [    Test worker] s.w.s.m.m.a.RequestMappingHandlerMapping : Mapped "{[/reports/newreport/{lat}&{lon}],methods=[POST]}" onto public eci.cosw.climapp.models.Report eci.cosw.climapp.restController.ReportController.createReport(eci.cosw.climapp.models.Report,java.lang.String,java.lang.String) throws eci.cosw.climapp.services.ServicesException
2018-03-26 17:22:10.024  INFO 6416 --- [    Test worker] s.w.s.m.m.a.RequestMappingHandlerMapping : Mapped "{[/users/login],methods=[POST]}" onto public eci.cosw.climapp.restController.UserController$Token eci.cosw.climapp.restController.UserController.login(eci.cosw.climapp.models.User) throws javax.servlet.ServletException
2018-03-26 17:22:10.025  INFO 6416 --- [    Test worker] s.w.s.m.m.a.RequestMappingHandlerMapping : Mapped "{[/users/id/{id}],methods=[GET]}" onto public eci.cosw.climapp.models.User eci.cosw.climapp.restController.UserController.getUsersById(int)
2018-03-26 17:22:10.026  INFO 6416 --- [    Test worker] s.w.s.m.m.a.RequestMappingHandlerMapping : Mapped "{[/users/users],methods=[GET]}" onto public java.util.List<eci.cosw.climapp.models.User> eci.cosw.climapp.restController.UserController.getUsers()
2018-03-26 17:22:10.027  INFO 6416 --- [    Test worker] s.w.s.m.m.a.RequestMappingHandlerMapping : Mapped "{[/users/{email}/reports],methods=[GET]}" onto public java.util.List<eci.cosw.climapp.models.Report> eci.cosw.climapp.restController.UserController.getReportsByUser(java.lang.String)
2018-03-26 17:22:10.028  INFO 6416 --- [    Test worker] s.w.s.m.m.a.RequestMappingHandlerMapping : Mapped "{[/users/updateprofile/{id}],methods=[POST]}" onto public eci.cosw.climapp.models.User eci.cosw.climapp.restController.UserController.updateUser(eci.cosw.climapp.models.User,int) throws eci.cosw.climapp.services.ServicesException
2018-03-26 17:22:10.028  INFO 6416 --- [    Test worker] s.w.s.m.m.a.RequestMappingHandlerMapping : Mapped "{[/users/{email}],methods=[GET]}" onto public eci.cosw.climapp.models.User eci.cosw.climapp.restController.UserController.getUsersByEmail(java.lang.String)
2018-03-26 17:22:10.029  INFO 6416 --- [    Test worker] s.w.s.m.m.a.RequestMappingHandlerMapping : Mapped "{[/users/],methods=[POST]}" onto public eci.cosw.climapp.models.User eci.cosw.climapp.restController.UserController.setUsers(eci.cosw.climapp.models.User) throws eci.cosw.climapp.services.ServicesException
2018-03-26 17:22:10.029  INFO 6416 --- [    Test worker] s.w.s.m.m.a.RequestMappingHandlerMapping : Mapped "{[/users/zones/{email}],methods=[POST]}" onto public eci.cosw.climapp.models.User eci.cosw.climapp.restController.UserController.addZone(eci.cosw.climapp.models.Zone,java.lang.String) throws javax.servlet.ServletException,eci.cosw.climapp.services.ServicesException
2018-03-26 17:22:10.030  INFO 6416 --- [    Test worker] s.w.s.m.m.a.RequestMappingHandlerMapping : Mapped "{[/users/zones/{email}],methods=[DELETE]}" onto public eci.cosw.climapp.models.User eci.cosw.climapp.restController.UserController.deleteZone(eci.cosw.climapp.models.Zone,java.lang.String) throws javax.servlet.ServletException,eci.cosw.climapp.services.ServicesException
2018-03-26 17:22:10.031  INFO 6416 --- [    Test worker] s.w.s.m.m.a.RequestMappingHandlerMapping : Mapped "{[/zones/],methods=[GET]}" onto public java.util.List<eci.cosw.climapp.models.Zone> eci.cosw.climapp.restController.ZoneController.getZones()
2018-03-26 17:22:10.040  INFO 6416 --- [    Test worker] s.w.s.m.m.a.RequestMappingHandlerMapping : Mapped "{[/error]}" onto public org.springframework.http.ResponseEntity<java.util.Map<java.lang.String, java.lang.Object>> org.springframework.boot.autoconfigure.web.servlet.error.BasicErrorController.error(javax.servlet.http.HttpServletRequest)
2018-03-26 17:22:10.042  INFO 6416 --- [    Test worker] s.w.s.m.m.a.RequestMappingHandlerMapping : Mapped "{[/error],produces=[text/html]}" onto public org.springframework.web.servlet.ModelAndView org.springframework.boot.autoconfigure.web.servlet.error.BasicErrorController.errorHtml(javax.servlet.http.HttpServletRequest,javax.servlet.http.HttpServletResponse)
2018-03-26 17:22:10.158  INFO 6416 --- [    Test worker] o.s.w.s.handler.SimpleUrlHandlerMapping  : Mapped URL path [/webjars/**] onto handler of type [class org.springframework.web.servlet.resource.ResourceHttpRequestHandler]
2018-03-26 17:22:10.159  INFO 6416 --- [    Test worker] o.s.w.s.handler.SimpleUrlHandlerMapping  : Mapped URL path [/**] onto handler of type [class org.springframework.web.servlet.resource.ResourceHttpRequestHandler]
2018-03-26 17:22:10.406  INFO 6416 --- [    Test worker] o.s.w.s.handler.SimpleUrlHandlerMapping  : Mapped URL path [/**/favicon.ico] onto handler of type [class org.springframework.web.servlet.resource.ResourceHttpRequestHandler]
2018-03-26 17:22:10.461  INFO 6416 --- [    Test worker] o.s.b.a.w.s.WelcomePageHandlerMapping    : Adding welcome page: class path resource [static/index.html]
2018-03-26 17:22:11.274  INFO 6416 --- [    Test worker] o.s.c.support.DefaultLifecycleProcessor  : Starting beans in phase 2147483647
2018-03-26 17:22:11.275  INFO 6416 --- [    Test worker] o.s.m.s.b.SimpleBrokerMessageHandler     : Starting...
2018-03-26 17:22:11.278  INFO 6416 --- [    Test worker] o.s.m.s.b.SimpleBrokerMessageHandler     : BrokerAvailabilityEvent[available=true, SimpleBrokerMessageHandler [DefaultSubscriptionRegistry[cache[0 destination(s)], registry[0 sessions]]]]
2018-03-26 17:22:11.279  INFO 6416 --- [    Test worker] o.s.m.s.b.SimpleBrokerMessageHandler     : Started.
2018-03-26 17:22:11.299  INFO 6416 --- [    Test worker] e.c.c.a.AppClimappApplicationTests       : Started AppClimappApplicationTests in 14.68 seconds (JVM running for 17.158)
]]></system-out>
  <system-err><![CDATA[]]></system-err>
</testsuite>
